
*** Running vivado
    with args -log UART_Controller.vdi -applog -m64 -product Vivado -messageDb vivado.pb -mode batch -source UART_Controller.tcl -notrace


****** Vivado v2024.2 (64-bit)
  **** SW Build 5239630 on Fri Nov 08 22:34:34 MST 2024
  **** IP Build 5239520 on Sun Nov 10 16:12:51 MST 2024
  **** SharedData Build 5239561 on Fri Nov 08 14:39:27 MST 2024
  **** Start of session at: Sun Feb  9 15:29:01 2025
    ** Copyright 1986-2022 Xilinx, Inc. All Rights Reserved.
    ** Copyright 2022-2024 Advanced Micro Devices, Inc. All Rights Reserved.

source UART_Controller.tcl -notrace
Command: link_design -top UART_Controller -part xc7a35tcpg236-1
Design is defaulting to srcset: sources_1
Design is defaulting to constrset: constrs_1
INFO: [Device 21-403] Loading part xc7a35tcpg236-1
Netlist sorting complete. Time (s): cpu = 00:00:00 ; elapsed = 00:00:00 . Memory (MB): peak = 1452.988 ; gain = 0.000 ; free physical = 2527 ; free virtual = 17372
INFO: [Netlist 29-17] Analyzing 6 Unisim elements for replacement
INFO: [Netlist 29-28] Unisim Transformation completed in 0 CPU seconds
INFO: [Project 1-479] Netlist was created with Vivado 2024.2
INFO: [Project 1-570] Preparing netlist for logic optimization
Parsing XDC File [/home/osher/VHDL/UART_Protocol/UART_Protocol.srcs/constrs_1/new/XDC.xdc]
WARNING: [Vivado 12-584] No ports matched 'tx_start'. [/home/osher/VHDL/UART_Protocol/UART_Protocol.srcs/constrs_1/new/XDC.xdc:32]
CRITICAL WARNING: [Common 17-55] 'set_property' expects at least one object. [/home/osher/VHDL/UART_Protocol/UART_Protocol.srcs/constrs_1/new/XDC.xdc:32]
Resolution: If [get_<value>] was used to populate the object, check to make sure this command returns at least one valid object.
Finished Parsing XDC File [/home/osher/VHDL/UART_Protocol/UART_Protocol.srcs/constrs_1/new/XDC.xdc]
INFO: [Opt 31-138] Pushed 0 inverter(s) to 0 load pin(s).
Netlist sorting complete. Time (s): cpu = 00:00:00 ; elapsed = 00:00:00 . Memory (MB): peak = 1671.578 ; gain = 0.000 ; free physical = 2412 ; free virtual = 17257
INFO: [Project 1-111] Unisim Transformation Summary:
No Unisim elements were transformed.

7 Infos, 1 Warnings, 1 Critical Warnings and 0 Errors encountered.
link_design completed successfully
Command: opt_design
Attempting to get a license for feature 'Implementation' and/or device 'xc7a35t'
INFO: [Common 17-349] Got license for feature 'Implementation' and/or device 'xc7a35t'
Running DRC as a precondition to command opt_design

Starting DRC Task
INFO: [DRC 23-27] Running DRC with 4 threads
INFO: [Project 1-461] DRC finished with 0 Errors
INFO: [Project 1-462] Please refer to the DRC report (report_drc) for more information.

Time (s): cpu = 00:00:02 ; elapsed = 00:00:00.88 . Memory (MB): peak = 1742.953 ; gain = 67.406 ; free physical = 2375 ; free virtual = 17221

Starting Cache Timing Information Task
INFO: [Timing 38-35] Done setting XDC timing constraints.
Ending Cache Timing Information Task | Checksum: 28e2813cd

Time (s): cpu = 00:00:06 ; elapsed = 00:00:07 . Memory (MB): peak = 2200.719 ; gain = 457.766 ; free physical = 1951 ; free virtual = 16813

Starting Logic Optimization Task

Phase 1 Initialization

Phase 1.1 Core Generation And Design Setup
Phase 1.1 Core Generation And Design Setup | Checksum: 28e2813cd

Time (s): cpu = 00:00:00.01 ; elapsed = 00:00:00.01 . Memory (MB): peak = 2543.555 ; gain = 0.000 ; free physical = 1615 ; free virtual = 16477

Phase 1.2 Setup Constraints And Sort Netlist
Phase 1.2 Setup Constraints And Sort Netlist | Checksum: 28e2813cd

Time (s): cpu = 00:00:00.01 ; elapsed = 00:00:00.01 . Memory (MB): peak = 2543.555 ; gain = 0.000 ; free physical = 1615 ; free virtual = 16477
Phase 1 Initialization | Checksum: 28e2813cd

Time (s): cpu = 00:00:00.01 ; elapsed = 00:00:00.01 . Memory (MB): peak = 2543.555 ; gain = 0.000 ; free physical = 1615 ; free virtual = 16477

Phase 2 Timer Update And Timing Data Collection

Phase 2.1 Timer Update
Phase 2.1 Timer Update | Checksum: 28e2813cd

Time (s): cpu = 00:00:00.02 ; elapsed = 00:00:00.03 . Memory (MB): peak = 2543.555 ; gain = 0.000 ; free physical = 1615 ; free virtual = 16477

Phase 2.2 Timing Data Collection
Phase 2.2 Timing Data Collection | Checksum: 28e2813cd

Time (s): cpu = 00:00:00.02 ; elapsed = 00:00:00.04 . Memory (MB): peak = 2543.555 ; gain = 0.000 ; free physical = 1615 ; free virtual = 16477
Phase 2 Timer Update And Timing Data Collection | Checksum: 28e2813cd

Time (s): cpu = 00:00:00.02 ; elapsed = 00:00:00.04 . Memory (MB): peak = 2543.555 ; gain = 0.000 ; free physical = 1615 ; free virtual = 16477

Phase 3 Retarget
INFO: [Opt 31-1851] Number of loadless carry chains removed were: 0
INFO: [Opt 31-1834] Total Chains To Be Transformed Were: 0 AND Number of Transformed insts Created are: 0
INFO: [Opt 31-138] Pushed 0 inverter(s) to 0 load pin(s).
INFO: [Opt 31-49] Retargeted 0 cell(s).
Phase 3 Retarget | Checksum: 28e2813cd

Time (s): cpu = 00:00:00.04 ; elapsed = 00:00:00.06 . Memory (MB): peak = 2543.555 ; gain = 0.000 ; free physical = 1615 ; free virtual = 16477
Retarget | Checksum: 28e2813cd
INFO: [Opt 31-389] Phase Retarget created 0 cells and removed 0 cells

Phase 4 Constant propagation
INFO: [Opt 31-138] Pushed 0 inverter(s) to 0 load pin(s).
Phase 4 Constant propagation | Checksum: 28e2813cd

Time (s): cpu = 00:00:00.04 ; elapsed = 00:00:00.06 . Memory (MB): peak = 2543.555 ; gain = 0.000 ; free physical = 1615 ; free virtual = 16477
Constant propagation | Checksum: 28e2813cd
INFO: [Opt 31-389] Phase Constant propagation created 0 cells and removed 0 cells

Phase 5 Sweep
INFO: [Constraints 18-11670] Building netlist checker database with flags, 0x8
Done building netlist checker database: Time (s): cpu = 00:00:00 ; elapsed = 00:00:00 . Memory (MB): peak = 2543.555 ; gain = 0.000 ; free physical = 1615 ; free virtual = 16477
Phase 5 Sweep | Checksum: 208116e33

Time (s): cpu = 00:00:00.05 ; elapsed = 00:00:00.07 . Memory (MB): peak = 2543.555 ; gain = 0.000 ; free physical = 1615 ; free virtual = 16477
Sweep | Checksum: 208116e33
INFO: [Opt 31-389] Phase Sweep created 0 cells and removed 0 cells

Phase 6 BUFG optimization
Phase 6 BUFG optimization | Checksum: 208116e33

Time (s): cpu = 00:00:00.06 ; elapsed = 00:00:00.08 . Memory (MB): peak = 2575.570 ; gain = 32.016 ; free physical = 1615 ; free virtual = 16476
BUFG optimization | Checksum: 208116e33
INFO: [Opt 31-662] Phase BUFG optimization created 0 cells of which 0 are BUFGs and removed 0 cells.

Phase 7 Shift Register Optimization
INFO: [Opt 31-1064] SRL Remap converted 0 SRLs to 0 registers and converted 0 registers of register chains to 0 SRLs
Phase 7 Shift Register Optimization | Checksum: 208116e33

Time (s): cpu = 00:00:00.07 ; elapsed = 00:00:00.09 . Memory (MB): peak = 2575.570 ; gain = 32.016 ; free physical = 1615 ; free virtual = 16476
Shift Register Optimization | Checksum: 208116e33
INFO: [Opt 31-389] Phase Shift Register Optimization created 0 cells and removed 0 cells

Phase 8 Post Processing Netlist
Phase 8 Post Processing Netlist | Checksum: 208116e33

Time (s): cpu = 00:00:00.07 ; elapsed = 00:00:00.09 . Memory (MB): peak = 2575.570 ; gain = 32.016 ; free physical = 1615 ; free virtual = 16476
Post Processing Netlist | Checksum: 208116e33
INFO: [Opt 31-389] Phase Post Processing Netlist created 0 cells and removed 0 cells

Phase 9 Finalization

Phase 9.1 Finalizing Design Cores and Updating Shapes
Phase 9.1 Finalizing Design Cores and Updating Shapes | Checksum: 1f12f35f2

Time (s): cpu = 00:00:00.07 ; elapsed = 00:00:00.1 . Memory (MB): peak = 2575.570 ; gain = 32.016 ; free physical = 1615 ; free virtual = 16476

Phase 9.2 Verifying Netlist Connectivity

Starting Connectivity Check Task

Time (s): cpu = 00:00:00 ; elapsed = 00:00:00 . Memory (MB): peak = 2575.570 ; gain = 0.000 ; free physical = 1615 ; free virtual = 16476
Phase 9.2 Verifying Netlist Connectivity | Checksum: 1f12f35f2

Time (s): cpu = 00:00:00.08 ; elapsed = 00:00:00.1 . Memory (MB): peak = 2575.570 ; gain = 32.016 ; free physical = 1615 ; free virtual = 16476
Phase 9 Finalization | Checksum: 1f12f35f2

Time (s): cpu = 00:00:00.08 ; elapsed = 00:00:00.1 . Memory (MB): peak = 2575.570 ; gain = 32.016 ; free physical = 1615 ; free virtual = 16476
Opt_design Change Summary
=========================


-------------------------------------------------------------------------------------------------------------------------
|  Phase                        |  #Cells created  |  #Cells Removed  |  #Constrained objects preventing optimizations  |
-------------------------------------------------------------------------------------------------------------------------
|  Retarget                     |               0  |               0  |                                              0  |
|  Constant propagation         |               0  |               0  |                                              0  |
|  Sweep                        |               0  |               0  |                                              0  |
|  BUFG optimization            |               0  |               0  |                                              0  |
|  Shift Register Optimization  |               0  |               0  |                                              0  |
|  Post Processing Netlist      |               0  |               0  |                                              0  |
-------------------------------------------------------------------------------------------------------------------------


Ending Logic Optimization Task | Checksum: 1f12f35f2

Time (s): cpu = 00:00:00.08 ; elapsed = 00:00:00.11 . Memory (MB): peak = 2575.570 ; gain = 32.016 ; free physical = 1615 ; free virtual = 16476

Starting Power Optimization Task
INFO: [Pwropt 34-132] Skipping clock gating for clocks with a period < 2.00 ns.
Ending Power Optimization Task | Checksum: 1f12f35f2

Time (s): cpu = 00:00:00 ; elapsed = 00:00:00.01 . Memory (MB): peak = 2575.570 ; gain = 0.000 ; free physical = 1615 ; free virtual = 16476

Starting Final Cleanup Task
Ending Final Cleanup Task | Checksum: 1f12f35f2

Time (s): cpu = 00:00:00.01 ; elapsed = 00:00:00 . Memory (MB): peak = 2575.570 ; gain = 0.000 ; free physical = 1615 ; free virtual = 16476

Starting Netlist Obfuscation Task
Netlist sorting complete. Time (s): cpu = 00:00:00 ; elapsed = 00:00:00 . Memory (MB): peak = 2575.570 ; gain = 0.000 ; free physical = 1615 ; free virtual = 16476
Ending Netlist Obfuscation Task | Checksum: 1f12f35f2

Time (s): cpu = 00:00:00 ; elapsed = 00:00:00 . Memory (MB): peak = 2575.570 ; gain = 0.000 ; free physical = 1615 ; free virtual = 16476
INFO: [Common 17-83] Releasing license: Implementation
27 Infos, 1 Warnings, 1 Critical Warnings and 0 Errors encountered.
opt_design completed successfully
opt_design: Time (s): cpu = 00:00:11 ; elapsed = 00:00:10 . Memory (MB): peak = 2575.570 ; gain = 900.023 ; free physical = 1615 ; free virtual = 16476
INFO: [Vivado 12-24828] Executing command : report_drc -file UART_Controller_drc_opted.rpt -pb UART_Controller_drc_opted.pb -rpx UART_Controller_drc_opted.rpx
Command: report_drc -file UART_Controller_drc_opted.rpt -pb UART_Controller_drc_opted.pb -rpx UART_Controller_drc_opted.rpx
INFO: [IP_Flow 19-234] Refreshing IP repositories
INFO: [IP_Flow 19-1704] No user IP repositories specified
INFO: [IP_Flow 19-2313] Loaded Vivado IP repository '/tools/Xilinx/Vivado/2024.2/data/ip'.
INFO: [DRC 23-27] Running DRC with 4 threads
INFO: [Vivado_Tcl 2-168] The results of DRC are in file /home/osher/VHDL/UART_Protocol/UART_Protocol.runs/impl_1/UART_Controller_drc_opted.rpt.
report_drc completed successfully
INFO: [Timing 38-480] Writing timing data to binary archive.
Write ShapeDB Complete: Time (s): cpu = 00:00:00.01 ; elapsed = 00:00:00 . Memory (MB): peak = 2575.570 ; gain = 0.000 ; free physical = 1597 ; free virtual = 16459
Wrote PlaceDB: Time (s): cpu = 00:00:00 ; elapsed = 00:00:00 . Memory (MB): peak = 2575.570 ; gain = 0.000 ; free physical = 1597 ; free virtual = 16459
Wrote PulsedLatchDB: Time (s): cpu = 00:00:00 ; elapsed = 00:00:00 . Memory (MB): peak = 2575.570 ; gain = 0.000 ; free physical = 1597 ; free virtual = 16459
Writing XDEF routing.
Writing XDEF routing logical nets.
Writing XDEF routing special nets.
Wrote RouteStorage: Time (s): cpu = 00:00:00.05 ; elapsed = 00:00:00.02 . Memory (MB): peak = 2575.570 ; gain = 0.000 ; free physical = 1597 ; free virtual = 16459
Wrote Netlist Cache: Time (s): cpu = 00:00:00 ; elapsed = 00:00:00 . Memory (MB): peak = 2575.570 ; gain = 0.000 ; free physical = 1597 ; free virtual = 16459
Wrote Device Cache: Time (s): cpu = 00:00:00 ; elapsed = 00:00:00.01 . Memory (MB): peak = 2575.570 ; gain = 0.000 ; free physical = 1596 ; free virtual = 16459
Write Physdb Complete: Time (s): cpu = 00:00:00.06 ; elapsed = 00:00:00.03 . Memory (MB): peak = 2575.570 ; gain = 0.000 ; free physical = 1595 ; free virtual = 16458
INFO: [Common 17-1381] The checkpoint '/home/osher/VHDL/UART_Protocol/UART_Protocol.runs/impl_1/UART_Controller_opt.dcp' has been generated.
Command: place_design
Attempting to get a license for feature 'Implementation' and/or device 'xc7a35t'
INFO: [Common 17-349] Got license for feature 'Implementation' and/or device 'xc7a35t'
INFO: [Common 17-83] Releasing license: Implementation
INFO: [DRC 23-27] Running DRC with 4 threads
INFO: [Vivado_Tcl 4-198] DRC finished with 0 Errors
INFO: [Vivado_Tcl 4-199] Please refer to the DRC report (report_drc) for more information.
Running DRC as a precondition to command place_design
INFO: [DRC 23-27] Running DRC with 4 threads
INFO: [Vivado_Tcl 4-198] DRC finished with 0 Errors
INFO: [Vivado_Tcl 4-199] Please refer to the DRC report (report_drc) for more information.
INFO: [Place 30-611] Multithreading enabled for place_design using a maximum of 8 CPUs

Starting Placer Task

Phase 1 Placer Initialization

Phase 1.1 Placer Initialization Netlist Sorting
Netlist sorting complete. Time (s): cpu = 00:00:00 ; elapsed = 00:00:00 . Memory (MB): peak = 2575.570 ; gain = 0.000 ; free physical = 1573 ; free virtual = 16436
Phase 1.1 Placer Initialization Netlist Sorting | Checksum: 1529d4a51

Time (s): cpu = 00:00:00.01 ; elapsed = 00:00:00.01 . Memory (MB): peak = 2575.570 ; gain = 0.000 ; free physical = 1573 ; free virtual = 16436
Netlist sorting complete. Time (s): cpu = 00:00:00 ; elapsed = 00:00:00 . Memory (MB): peak = 2575.570 ; gain = 0.000 ; free physical = 1573 ; free virtual = 16436

Phase 1.2 IO Placement/ Clock Placement/ Build Placer Device
INFO: [Timing 38-35] Done setting XDC timing constraints.
Phase 1.2 IO Placement/ Clock Placement/ Build Placer Device | Checksum: 1697a27b1

Time (s): cpu = 00:00:00.31 ; elapsed = 00:00:00.23 . Memory (MB): peak = 2575.570 ; gain = 0.000 ; free physical = 1562 ; free virtual = 16428

Phase 1.3 Build Placer Netlist Model
Phase 1.3 Build Placer Netlist Model | Checksum: 245d7ecf2

Time (s): cpu = 00:00:00.44 ; elapsed = 00:00:00.38 . Memory (MB): peak = 2607.586 ; gain = 32.016 ; free physical = 1561 ; free virtual = 16428

Phase 1.4 Constrain Clocks/Macros
Phase 1.4 Constrain Clocks/Macros | Checksum: 245d7ecf2

Time (s): cpu = 00:00:00.45 ; elapsed = 00:00:00.39 . Memory (MB): peak = 2607.586 ; gain = 32.016 ; free physical = 1561 ; free virtual = 16428
Phase 1 Placer Initialization | Checksum: 245d7ecf2

Time (s): cpu = 00:00:00.46 ; elapsed = 00:00:00.39 . Memory (MB): peak = 2607.586 ; gain = 32.016 ; free physical = 1561 ; free virtual = 16429

Phase 2 Global Placement

Phase 2.1 Floorplanning
Phase 2.1 Floorplanning | Checksum: 1b1171a53

Time (s): cpu = 00:00:00.51 ; elapsed = 00:00:00.48 . Memory (MB): peak = 2607.586 ; gain = 32.016 ; free physical = 1574 ; free virtual = 16442

Phase 2.2 Update Timing before SLR Path Opt
Phase 2.2 Update Timing before SLR Path Opt | Checksum: 26041a52a

Time (s): cpu = 00:00:00.53 ; elapsed = 00:00:00.51 . Memory (MB): peak = 2607.586 ; gain = 32.016 ; free physical = 1573 ; free virtual = 16441

Phase 2.3 Post-Processing in Floorplanning
Phase 2.3 Post-Processing in Floorplanning | Checksum: 26041a52a

Time (s): cpu = 00:00:00.53 ; elapsed = 00:00:00.51 . Memory (MB): peak = 2607.586 ; gain = 32.016 ; free physical = 1573 ; free virtual = 16441

Phase 2.4 Global Place Phase1
Phase 2.4 Global Place Phase1 | Checksum: 261d05eba

Time (s): cpu = 00:00:00.74 ; elapsed = 00:00:00.83 . Memory (MB): peak = 2607.586 ; gain = 32.016 ; free physical = 1577 ; free virtual = 16446

Phase 2.5 Global Place Phase2

Phase 2.5.1 UpdateTiming Before Physical Synthesis
Phase 2.5.1 UpdateTiming Before Physical Synthesis | Checksum: 2639beee2

Time (s): cpu = 00:00:00.77 ; elapsed = 00:00:00.87 . Memory (MB): peak = 2607.586 ; gain = 32.016 ; free physical = 1576 ; free virtual = 16445

Phase 2.5.2 Physical Synthesis In Placer
INFO: [Physopt 32-1044] Break lutnm for timing: one critical 0, two critical 0, total 0, new lutff created 0
INFO: [Physopt 32-1138] End 1 Pass. Optimized 0 net or LUT. Breaked 0 LUT, combined 0 existing LUT and moved 0 existing LUT
INFO: [Physopt 32-65] No nets found for high-fanout optimization.
INFO: [Physopt 32-232] Optimized 0 net. Created 0 new instance.
INFO: [Physopt 32-775] End 1 Pass. Optimized 0 net or cell. Created 0 new cell, deleted 0 existing cell and moved 0 existing cell
INFO: [Physopt 32-670] No setup violation found.  DSP Register Optimization was not performed.
INFO: [Physopt 32-670] No setup violation found.  Shift Register to Pipeline Optimization was not performed.
INFO: [Physopt 32-670] No setup violation found.  Shift Register Optimization was not performed.
INFO: [Physopt 32-670] No setup violation found.  BRAM Register Optimization was not performed.
INFO: [Physopt 32-670] No setup violation found.  URAM Register Optimization was not performed.
INFO: [Physopt 32-949] No candidate nets found for dynamic/static region interface net replication
INFO: [Physopt 32-775] End 1 Pass. Optimized 0 net or cell. Created 0 new cell, deleted 0 existing cell and moved 0 existing cell
Netlist sorting complete. Time (s): cpu = 00:00:00 ; elapsed = 00:00:00 . Memory (MB): peak = 2607.586 ; gain = 0.000 ; free physical = 1573 ; free virtual = 16445

Summary of Physical Synthesis Optimizations
============================================


-----------------------------------------------------------------------------------------------------------------------------------------------------------
|  Optimization                                     |  Added Cells  |  Removed Cells  |  Optimized Cells/Nets  |  Dont Touch  |  Iterations  |  Elapsed   |
-----------------------------------------------------------------------------------------------------------------------------------------------------------
|  LUT Combining                                    |            0  |              0  |                     0  |           0  |           1  |  00:00:00  |
|  Retime                                           |            0  |              0  |                     0  |           0  |           1  |  00:00:00  |
|  Very High Fanout                                 |            0  |              0  |                     0  |           0  |           1  |  00:00:00  |
|  DSP Register                                     |            0  |              0  |                     0  |           0  |           0  |  00:00:00  |
|  Shift Register to Pipeline                       |            0  |              0  |                     0  |           0  |           0  |  00:00:00  |
|  Shift Register                                   |            0  |              0  |                     0  |           0  |           0  |  00:00:00  |
|  BRAM Register                                    |            0  |              0  |                     0  |           0  |           0  |  00:00:00  |
|  URAM Register                                    |            0  |              0  |                     0  |           0  |           0  |  00:00:00  |
|  Dynamic/Static Region Interface Net Replication  |            0  |              0  |                     0  |           0  |           1  |  00:00:00  |
|  Total                                            |            0  |              0  |                     0  |           0  |           4  |  00:00:00  |
-----------------------------------------------------------------------------------------------------------------------------------------------------------


Phase 2.5.2 Physical Synthesis In Placer | Checksum: 2639beee2

Time (s): cpu = 00:00:01 ; elapsed = 00:00:01 . Memory (MB): peak = 2607.586 ; gain = 32.016 ; free physical = 1573 ; free virtual = 16445
Phase 2.5 Global Place Phase2 | Checksum: 1a7f933d6

Time (s): cpu = 00:00:01 ; elapsed = 00:00:01 . Memory (MB): peak = 2607.586 ; gain = 32.016 ; free physical = 1572 ; free virtual = 16444
Phase 2 Global Placement | Checksum: 1a7f933d6

Time (s): cpu = 00:00:01 ; elapsed = 00:00:01 . Memory (MB): peak = 2607.586 ; gain = 32.016 ; free physical = 1572 ; free virtual = 16444

Phase 3 Detail Placement

Phase 3.1 Commit Multi Column Macros
Phase 3.1 Commit Multi Column Macros | Checksum: 1f6686935

Time (s): cpu = 00:00:01 ; elapsed = 00:00:01 . Memory (MB): peak = 2607.586 ; gain = 32.016 ; free physical = 1571 ; free virtual = 16443

Phase 3.2 Commit Most Macros & LUTRAMs
Phase 3.2 Commit Most Macros & LUTRAMs | Checksum: 2ab38def4

Time (s): cpu = 00:00:01 ; elapsed = 00:00:01 . Memory (MB): peak = 2607.586 ; gain = 32.016 ; free physical = 1571 ; free virtual = 16443

Phase 3.3 Area Swap Optimization
Phase 3.3 Area Swap Optimization | Checksum: 1cdd20fb0

Time (s): cpu = 00:00:01 ; elapsed = 00:00:01 . Memory (MB): peak = 2607.586 ; gain = 32.016 ; free physical = 1571 ; free virtual = 16443

Phase 3.4 Pipeline Register Optimization
Phase 3.4 Pipeline Register Optimization | Checksum: 251b22671

Time (s): cpu = 00:00:01 ; elapsed = 00:00:01 . Memory (MB): peak = 2607.586 ; gain = 32.016 ; free physical = 1571 ; free virtual = 16443

Phase 3.5 Small Shape Detail Placement
Phase 3.5 Small Shape Detail Placement | Checksum: 26f64e2ea

Time (s): cpu = 00:00:01 ; elapsed = 00:00:02 . Memory (MB): peak = 2607.586 ; gain = 32.016 ; free physical = 1566 ; free virtual = 16439

Phase 3.6 Re-assign LUT pins
Phase 3.6 Re-assign LUT pins | Checksum: 20d3b1196

Time (s): cpu = 00:00:01 ; elapsed = 00:00:02 . Memory (MB): peak = 2607.586 ; gain = 32.016 ; free physical = 1566 ; free virtual = 16439

Phase 3.7 Pipeline Register Optimization
Phase 3.7 Pipeline Register Optimization | Checksum: 2891afed5

Time (s): cpu = 00:00:01 ; elapsed = 00:00:02 . Memory (MB): peak = 2607.586 ; gain = 32.016 ; free physical = 1566 ; free virtual = 16439
Phase 3 Detail Placement | Checksum: 2891afed5

Time (s): cpu = 00:00:01 ; elapsed = 00:00:02 . Memory (MB): peak = 2607.586 ; gain = 32.016 ; free physical = 1566 ; free virtual = 16439

Phase 4 Post Placement Optimization and Clean-Up

Phase 4.1 Post Commit Optimization
INFO: [Timing 38-35] Done setting XDC timing constraints.

Phase 4.1.1 Post Placement Optimization
Post Placement Optimization Initialization | Checksum: 1f2863619

Phase 4.1.1.1 BUFG Insertion

Starting Physical Synthesis Task

Phase 1 Physical Synthesis Initialization
INFO: [Physopt 32-721] Multithreading enabled for phys_opt_design using a maximum of 8 CPUs
INFO: [Physopt 32-619] Estimated Timing Summary | WNS=6.417 | TNS=0.000 |
Phase 1 Physical Synthesis Initialization | Checksum: 189d37658

Time (s): cpu = 00:00:00.01 ; elapsed = 00:00:00.01 . Memory (MB): peak = 2607.586 ; gain = 0.000 ; free physical = 1566 ; free virtual = 16439
INFO: [Place 46-56] BUFG insertion identified 0 candidate nets. Inserted BUFG: 0, Replicated BUFG Driver: 0, Skipped due to Placement/Routing Conflicts: 0, Skipped due to Timing Degradation: 0, Skipped due to netlist editing failed: 0.
Ending Physical Synthesis Task | Checksum: 286e21f85

Time (s): cpu = 00:00:00.02 ; elapsed = 00:00:00.02 . Memory (MB): peak = 2607.586 ; gain = 0.000 ; free physical = 1566 ; free virtual = 16439
Phase 4.1.1.1 BUFG Insertion | Checksum: 1f2863619

Time (s): cpu = 00:00:02 ; elapsed = 00:00:02 . Memory (MB): peak = 2607.586 ; gain = 32.016 ; free physical = 1566 ; free virtual = 16439

Phase 4.1.1.2 Post Placement Timing Optimization
INFO: [Place 30-746] Post Placement Timing Summary WNS=6.417. For the most accurate timing information please run report_timing.
Phase 4.1.1.2 Post Placement Timing Optimization | Checksum: 2d43ad136

Time (s): cpu = 00:00:02 ; elapsed = 00:00:02 . Memory (MB): peak = 2607.586 ; gain = 32.016 ; free physical = 1566 ; free virtual = 16439

Time (s): cpu = 00:00:02 ; elapsed = 00:00:02 . Memory (MB): peak = 2607.586 ; gain = 32.016 ; free physical = 1566 ; free virtual = 16439
Phase 4.1 Post Commit Optimization | Checksum: 2d43ad136

Time (s): cpu = 00:00:02 ; elapsed = 00:00:02 . Memory (MB): peak = 2607.586 ; gain = 32.016 ; free physical = 1566 ; free virtual = 16439

Phase 4.2 Post Placement Cleanup
Phase 4.2 Post Placement Cleanup | Checksum: 2d43ad136

Time (s): cpu = 00:00:02 ; elapsed = 00:00:02 . Memory (MB): peak = 2607.586 ; gain = 32.016 ; free physical = 1566 ; free virtual = 16439

Phase 4.3 Placer Reporting

Phase 4.3.1 Print Estimated Congestion
INFO: [Place 30-612] Post-Placement Estimated Congestion 
 ____________________________________________________
|           | Global Congestion | Short Congestion  |
| Direction | Region Size       | Region Size       |
|___________|___________________|___________________|
|      North|                1x1|                1x1|
|___________|___________________|___________________|
|      South|                1x1|                1x1|
|___________|___________________|___________________|
|       East|                1x1|                1x1|
|___________|___________________|___________________|
|       West|                1x1|                1x1|
|___________|___________________|___________________|

Phase 4.3.1 Print Estimated Congestion | Checksum: 2d43ad136

Time (s): cpu = 00:00:02 ; elapsed = 00:00:02 . Memory (MB): peak = 2607.586 ; gain = 32.016 ; free physical = 1566 ; free virtual = 16439
Phase 4.3 Placer Reporting | Checksum: 2d43ad136

Time (s): cpu = 00:00:02 ; elapsed = 00:00:02 . Memory (MB): peak = 2607.586 ; gain = 32.016 ; free physical = 1566 ; free virtual = 16439

Phase 4.4 Final Placement Cleanup
Netlist sorting complete. Time (s): cpu = 00:00:00 ; elapsed = 00:00:00 . Memory (MB): peak = 2607.586 ; gain = 0.000 ; free physical = 1566 ; free virtual = 16439

Time (s): cpu = 00:00:02 ; elapsed = 00:00:02 . Memory (MB): peak = 2607.586 ; gain = 32.016 ; free physical = 1566 ; free virtual = 16439
Phase 4 Post Placement Optimization and Clean-Up | Checksum: 2959c2447

Time (s): cpu = 00:00:02 ; elapsed = 00:00:02 . Memory (MB): peak = 2607.586 ; gain = 32.016 ; free physical = 1566 ; free virtual = 16439
Ending Placer Task | Checksum: 1a9b186f5

Time (s): cpu = 00:00:02 ; elapsed = 00:00:02 . Memory (MB): peak = 2607.586 ; gain = 32.016 ; free physical = 1566 ; free virtual = 16439
63 Infos, 1 Warnings, 1 Critical Warnings and 0 Errors encountered.
place_design completed successfully
INFO: [Vivado 12-24838] Running report commands "report_control_sets, report_io, report_utilization" in parallel.
Running report generation with 3 threads.
INFO: [Vivado 12-24828] Executing command : report_utilization -file UART_Controller_utilization_placed.rpt -pb UART_Controller_utilization_placed.pb
INFO: [Vivado 12-24828] Executing command : report_control_sets -verbose -file UART_Controller_control_sets_placed.rpt
report_control_sets: Time (s): cpu = 00:00:00.05 ; elapsed = 00:00:00.09 . Memory (MB): peak = 2607.586 ; gain = 0.000 ; free physical = 1549 ; free virtual = 16422
INFO: [Vivado 12-24828] Executing command : report_io -file UART_Controller_io_placed.rpt
report_io: Time (s): cpu = 00:00:00.14 ; elapsed = 00:00:00.18 . Memory (MB): peak = 2607.586 ; gain = 0.000 ; free physical = 1553 ; free virtual = 16425
INFO: [Timing 38-480] Writing timing data to binary archive.
Write ShapeDB Complete: Time (s): cpu = 00:00:00.01 ; elapsed = 00:00:00 . Memory (MB): peak = 2607.586 ; gain = 0.000 ; free physical = 1552 ; free virtual = 16425
Wrote PlaceDB: Time (s): cpu = 00:00:00.02 ; elapsed = 00:00:00.01 . Memory (MB): peak = 2607.586 ; gain = 0.000 ; free physical = 1552 ; free virtual = 16424
Wrote PulsedLatchDB: Time (s): cpu = 00:00:00 ; elapsed = 00:00:00 . Memory (MB): peak = 2607.586 ; gain = 0.000 ; free physical = 1552 ; free virtual = 16424
Writing XDEF routing.
Writing XDEF routing logical nets.
Writing XDEF routing special nets.
Wrote RouteStorage: Time (s): cpu = 00:00:00.02 ; elapsed = 00:00:00.01 . Memory (MB): peak = 2607.586 ; gain = 0.000 ; free physical = 1551 ; free virtual = 16424
Wrote Netlist Cache: Time (s): cpu = 00:00:00 ; elapsed = 00:00:00 . Memory (MB): peak = 2607.586 ; gain = 0.000 ; free physical = 1551 ; free virtual = 16424
Wrote Device Cache: Time (s): cpu = 00:00:00.01 ; elapsed = 00:00:00.01 . Memory (MB): peak = 2607.586 ; gain = 0.000 ; free physical = 1550 ; free virtual = 16423
Write Physdb Complete: Time (s): cpu = 00:00:00.06 ; elapsed = 00:00:00.03 . Memory (MB): peak = 2607.586 ; gain = 0.000 ; free physical = 1550 ; free virtual = 16423
INFO: [Common 17-1381] The checkpoint '/home/osher/VHDL/UART_Protocol/UART_Protocol.runs/impl_1/UART_Controller_placed.dcp' has been generated.
Command: phys_opt_design
Attempting to get a license for feature 'Implementation' and/or device 'xc7a35t'
INFO: [Common 17-349] Got license for feature 'Implementation' and/or device 'xc7a35t'

Starting Initial Update Timing Task

Time (s): cpu = 00:00:00.04 ; elapsed = 00:00:00.17 . Memory (MB): peak = 2607.586 ; gain = 0.000 ; free physical = 1510 ; free virtual = 16383
INFO: [Vivado_Tcl 4-2279] Estimated Timing Summary | WNS= 6.417 | TNS= 0.000 | 
INFO: [Vivado_Tcl 4-383] Design worst setup slack (WNS) is greater than or equal to 0.000 ns. All physical synthesis setup optimizations will be skipped.
INFO: [Vivado_Tcl 4-232] No setup violation found. The netlist was not modified.
INFO: [Common 17-83] Releasing license: Implementation
74 Infos, 1 Warnings, 1 Critical Warnings and 0 Errors encountered.
phys_opt_design completed successfully
INFO: [Timing 38-480] Writing timing data to binary archive.
Write ShapeDB Complete: Time (s): cpu = 00:00:00 ; elapsed = 00:00:00 . Memory (MB): peak = 2607.586 ; gain = 0.000 ; free physical = 1510 ; free virtual = 16383
Wrote PlaceDB: Time (s): cpu = 00:00:00.02 ; elapsed = 00:00:00.01 . Memory (MB): peak = 2607.785 ; gain = 0.199 ; free physical = 1510 ; free virtual = 16383
Wrote PulsedLatchDB: Time (s): cpu = 00:00:00 ; elapsed = 00:00:00 . Memory (MB): peak = 2607.785 ; gain = 0.000 ; free physical = 1510 ; free virtual = 16383
Writing XDEF routing.
Writing XDEF routing logical nets.
Writing XDEF routing special nets.
Wrote RouteStorage: Time (s): cpu = 00:00:00.02 ; elapsed = 00:00:00.01 . Memory (MB): peak = 2607.785 ; gain = 0.000 ; free physical = 1509 ; free virtual = 16382
Wrote Netlist Cache: Time (s): cpu = 00:00:00 ; elapsed = 00:00:00 . Memory (MB): peak = 2607.785 ; gain = 0.000 ; free physical = 1509 ; free virtual = 16382
Wrote Device Cache: Time (s): cpu = 00:00:00.01 ; elapsed = 00:00:00.01 . Memory (MB): peak = 2607.785 ; gain = 0.000 ; free physical = 1508 ; free virtual = 16382
Write Physdb Complete: Time (s): cpu = 00:00:00.05 ; elapsed = 00:00:00.03 . Memory (MB): peak = 2607.785 ; gain = 0.199 ; free physical = 1508 ; free virtual = 16382
INFO: [Common 17-1381] The checkpoint '/home/osher/VHDL/UART_Protocol/UART_Protocol.runs/impl_1/UART_Controller_physopt.dcp' has been generated.
Command: route_design
Attempting to get a license for feature 'Implementation' and/or device 'xc7a35t'
INFO: [Common 17-349] Got license for feature 'Implementation' and/or device 'xc7a35t'


Starting Routing Task
INFO: [Route 35-254] Multithreading enabled for route_design using a maximum of 4 CPUs

Phase 1 Build RT Design
Checksum: PlaceDB: 66c34f0b ConstDB: 0 ShapeSum: a26cdb93 RouteDB: a0815c57
Post Restoration Checksum: NetGraph: 704b4b8c | NumContArr: c9fd9a89 | Constraints: c2a8fa9d | Timing: c2a8fa9d
Phase 1 Build RT Design | Checksum: 2bf9adb4f

Time (s): cpu = 00:00:17 ; elapsed = 00:00:14 . Memory (MB): peak = 2701.715 ; gain = 90.961 ; free physical = 1408 ; free virtual = 16282

Phase 2 Router Initialization

Phase 2.1 Fix Topology Constraints
Phase 2.1 Fix Topology Constraints | Checksum: 2bf9adb4f

Time (s): cpu = 00:00:17 ; elapsed = 00:00:14 . Memory (MB): peak = 2701.715 ; gain = 90.961 ; free physical = 1408 ; free virtual = 16282

Phase 2.2 Pre Route Cleanup
Phase 2.2 Pre Route Cleanup | Checksum: 2bf9adb4f

Time (s): cpu = 00:00:17 ; elapsed = 00:00:14 . Memory (MB): peak = 2701.715 ; gain = 90.961 ; free physical = 1408 ; free virtual = 16282
 Number of Nodes with overlaps = 0

Phase 2.3 Update Timing
Phase 2.3 Update Timing | Checksum: 1fff43def

Time (s): cpu = 00:00:17 ; elapsed = 00:00:14 . Memory (MB): peak = 2729.777 ; gain = 119.023 ; free physical = 1388 ; free virtual = 16263
INFO: [Route 35-416] Intermediate Timing Summary | WNS=6.387  | TNS=0.000  | WHS=-0.118 | THS=-2.982 |


Router Utilization Summary
  Global Vertical Routing Utilization    = 0 %
  Global Horizontal Routing Utilization  = 0 %
  Routable Net Status*
  *Does not include unroutable nets such as driverless and loadless.
  Run report_route_status for detailed report.
  Number of Failed Nets               = 118
    (Failed Nets is the sum of unrouted and partially routed nets)
  Number of Unrouted Nets             = 118
  Number of Partially Routed Nets     = 0
  Number of Node Overlaps             = 0

Phase 2 Router Initialization | Checksum: 28758bf29

Time (s): cpu = 00:00:18 ; elapsed = 00:00:14 . Memory (MB): peak = 2729.777 ; gain = 119.023 ; free physical = 1388 ; free virtual = 16263

Phase 3 Global Routing
Phase 3 Global Routing | Checksum: 28758bf29

Time (s): cpu = 00:00:18 ; elapsed = 00:00:14 . Memory (MB): peak = 2729.777 ; gain = 119.023 ; free physical = 1388 ; free virtual = 16263

Phase 4 Initial Routing

Phase 4.1 Initial Net Routing Pass
Phase 4.1 Initial Net Routing Pass | Checksum: 2c663d841

Time (s): cpu = 00:00:18 ; elapsed = 00:00:14 . Memory (MB): peak = 2729.777 ; gain = 119.023 ; free physical = 1388 ; free virtual = 16263
Phase 4 Initial Routing | Checksum: 2c663d841

Time (s): cpu = 00:00:18 ; elapsed = 00:00:14 . Memory (MB): peak = 2729.777 ; gain = 119.023 ; free physical = 1388 ; free virtual = 16263

Phase 5 Rip-up And Reroute

Phase 5.1 Global Iteration 0
 Number of Nodes with overlaps = 4
 Number of Nodes with overlaps = 0
INFO: [Route 35-416] Intermediate Timing Summary | WNS=6.244  | TNS=0.000  | WHS=N/A    | THS=N/A    |

Phase 5.1 Global Iteration 0 | Checksum: 25f191beb

Time (s): cpu = 00:00:18 ; elapsed = 00:00:15 . Memory (MB): peak = 2729.777 ; gain = 119.023 ; free physical = 1388 ; free virtual = 16263

Phase 5.2 Global Iteration 1
 Number of Nodes with overlaps = 0
INFO: [Route 35-416] Intermediate Timing Summary | WNS=6.244  | TNS=0.000  | WHS=N/A    | THS=N/A    |

Phase 5.2 Global Iteration 1 | Checksum: 283413a4b

Time (s): cpu = 00:00:18 ; elapsed = 00:00:15 . Memory (MB): peak = 2729.777 ; gain = 119.023 ; free physical = 1388 ; free virtual = 16263
Phase 5 Rip-up And Reroute | Checksum: 283413a4b

Time (s): cpu = 00:00:18 ; elapsed = 00:00:15 . Memory (MB): peak = 2729.777 ; gain = 119.023 ; free physical = 1388 ; free virtual = 16263

Phase 6 Delay and Skew Optimization

Phase 6.1 Delay CleanUp
Phase 6.1 Delay CleanUp | Checksum: 283413a4b

Time (s): cpu = 00:00:18 ; elapsed = 00:00:15 . Memory (MB): peak = 2729.777 ; gain = 119.023 ; free physical = 1388 ; free virtual = 16263

Phase 6.2 Clock Skew Optimization
Phase 6.2 Clock Skew Optimization | Checksum: 283413a4b

Time (s): cpu = 00:00:18 ; elapsed = 00:00:15 . Memory (MB): peak = 2729.777 ; gain = 119.023 ; free physical = 1388 ; free virtual = 16263
Phase 6 Delay and Skew Optimization | Checksum: 283413a4b

Time (s): cpu = 00:00:18 ; elapsed = 00:00:15 . Memory (MB): peak = 2729.777 ; gain = 119.023 ; free physical = 1388 ; free virtual = 16263

Phase 7 Post Hold Fix

Phase 7.1 Hold Fix Iter
INFO: [Route 35-416] Intermediate Timing Summary | WNS=6.337  | TNS=0.000  | WHS=0.148  | THS=0.000  |

Phase 7.1 Hold Fix Iter | Checksum: 2a788ccf6

Time (s): cpu = 00:00:18 ; elapsed = 00:00:15 . Memory (MB): peak = 2729.777 ; gain = 119.023 ; free physical = 1388 ; free virtual = 16263
Phase 7 Post Hold Fix | Checksum: 2a788ccf6

Time (s): cpu = 00:00:18 ; elapsed = 00:00:15 . Memory (MB): peak = 2729.777 ; gain = 119.023 ; free physical = 1388 ; free virtual = 16263

Phase 8 Route finalize

Router Utilization Summary
  Global Vertical Routing Utilization    = 0.0477557 %
  Global Horizontal Routing Utilization  = 0.0201718 %
  Routable Net Status*
  *Does not include unroutable nets such as driverless and loadless.
  Run report_route_status for detailed report.
  Number of Failed Nets               = 0
    (Failed Nets is the sum of unrouted and partially routed nets)
  Number of Unrouted Nets             = 0
  Number of Partially Routed Nets     = 0
  Number of Node Overlaps             = 0

Phase 8 Route finalize | Checksum: 2a788ccf6

Time (s): cpu = 00:00:18 ; elapsed = 00:00:15 . Memory (MB): peak = 2729.777 ; gain = 119.023 ; free physical = 1388 ; free virtual = 16263

Phase 9 Verifying routed nets

 Verification completed successfully
Phase 9 Verifying routed nets | Checksum: 2a788ccf6

Time (s): cpu = 00:00:18 ; elapsed = 00:00:15 . Memory (MB): peak = 2729.777 ; gain = 119.023 ; free physical = 1388 ; free virtual = 16263

Phase 10 Depositing Routes
Phase 10 Depositing Routes | Checksum: 23cf0200d

Time (s): cpu = 00:00:18 ; elapsed = 00:00:15 . Memory (MB): peak = 2729.777 ; gain = 119.023 ; free physical = 1388 ; free virtual = 16263

Phase 11 Post Process Routing
Phase 11 Post Process Routing | Checksum: 23cf0200d

Time (s): cpu = 00:00:18 ; elapsed = 00:00:15 . Memory (MB): peak = 2729.777 ; gain = 119.023 ; free physical = 1388 ; free virtual = 16263

Phase 12 Post Router Timing
INFO: [Route 35-57] Estimated Timing Summary | WNS=6.337  | TNS=0.000  | WHS=0.148  | THS=0.000  |

INFO: [Route 35-327] The final timing numbers are based on the router estimated timing analysis. For a complete and accurate timing signoff, please run report_timing_summary.
Phase 12 Post Router Timing | Checksum: 23cf0200d

Time (s): cpu = 00:00:18 ; elapsed = 00:00:15 . Memory (MB): peak = 2729.777 ; gain = 119.023 ; free physical = 1388 ; free virtual = 16263
Total Elapsed time in route_design: 14.65 secs

Phase 13 Post-Route Event Processing
Phase 13 Post-Route Event Processing | Checksum: 25bf4d1b9

Time (s): cpu = 00:00:18 ; elapsed = 00:00:15 . Memory (MB): peak = 2729.777 ; gain = 119.023 ; free physical = 1388 ; free virtual = 16263
INFO: [Route 35-16] Router Completed Successfully
Ending Routing Task | Checksum: 25bf4d1b9

Time (s): cpu = 00:00:18 ; elapsed = 00:00:15 . Memory (MB): peak = 2729.777 ; gain = 119.023 ; free physical = 1388 ; free virtual = 16263

Routing Is Done.
INFO: [Common 17-83] Releasing license: Implementation
86 Infos, 1 Warnings, 1 Critical Warnings and 0 Errors encountered.
route_design completed successfully
route_design: Time (s): cpu = 00:00:18 ; elapsed = 00:00:15 . Memory (MB): peak = 2729.777 ; gain = 121.992 ; free physical = 1388 ; free virtual = 16263
INFO: [Vivado 12-24828] Executing command : report_drc -file UART_Controller_drc_routed.rpt -pb UART_Controller_drc_routed.pb -rpx UART_Controller_drc_routed.rpx
Command: report_drc -file UART_Controller_drc_routed.rpt -pb UART_Controller_drc_routed.pb -rpx UART_Controller_drc_routed.rpx
INFO: [IP_Flow 19-1839] IP Catalog is up to date.
INFO: [DRC 23-27] Running DRC with 4 threads
INFO: [Vivado_Tcl 2-168] The results of DRC are in file /home/osher/VHDL/UART_Protocol/UART_Protocol.runs/impl_1/UART_Controller_drc_routed.rpt.
report_drc completed successfully
INFO: [Vivado 12-24828] Executing command : report_methodology -file UART_Controller_methodology_drc_routed.rpt -pb UART_Controller_methodology_drc_routed.pb -rpx UART_Controller_methodology_drc_routed.rpx
Command: report_methodology -file UART_Controller_methodology_drc_routed.rpt -pb UART_Controller_methodology_drc_routed.pb -rpx UART_Controller_methodology_drc_routed.rpx
INFO: [Timing 38-35] Done setting XDC timing constraints.
INFO: [DRC 23-133] Running Methodology with 4 threads
INFO: [Vivado_Tcl 2-1520] The results of Report Methodology are in file /home/osher/VHDL/UART_Protocol/UART_Protocol.runs/impl_1/UART_Controller_methodology_drc_routed.rpt.
report_methodology completed successfully
INFO: [Vivado 12-24828] Executing command : report_timing_summary -max_paths 10 -report_unconstrained -file UART_Controller_timing_summary_routed.rpt -pb UART_Controller_timing_summary_routed.pb -rpx UART_Controller_timing_summary_routed.rpx -warn_on_violation 
INFO: [Timing 38-35] Done setting XDC timing constraints.
INFO: [Timing 38-91] UpdateTimingParams: Speed grade: -1, Delay Type: min_max.
INFO: [Timing 38-191] Multithreading enabled for timing update using a maximum of 8 CPUs
INFO: [Vivado 12-24838] Running report commands "report_bus_skew, report_incremental_reuse, report_route_status" in parallel.
Running report generation with 3 threads.
INFO: [Vivado 12-24828] Executing command : report_route_status -file UART_Controller_route_status.rpt -pb UART_Controller_route_status.pb
INFO: [Vivado 12-24828] Executing command : report_incremental_reuse -file UART_Controller_incremental_reuse_routed.rpt
INFO: [Vivado_Tcl 4-1062] Incremental flow is disabled. No incremental reuse Info to report.
INFO: [Vivado 12-24828] Executing command : report_bus_skew -warn_on_violation -file UART_Controller_bus_skew_routed.rpt -pb UART_Controller_bus_skew_routed.pb -rpx UART_Controller_bus_skew_routed.rpx
INFO: [Timing 38-91] UpdateTimingParams: Speed grade: -1, Delay Type: min_max.
INFO: [Timing 38-191] Multithreading enabled for timing update using a maximum of 8 CPUs
INFO: [Vivado 12-24828] Executing command : report_power -file UART_Controller_power_routed.rpt -pb UART_Controller_power_summary_routed.pb -rpx UART_Controller_power_routed.rpx
Command: report_power -file UART_Controller_power_routed.rpt -pb UART_Controller_power_summary_routed.pb -rpx UART_Controller_power_routed.rpx
Running Vector-less Activity Propagation...

Finished Running Vector-less Activity Propagation
106 Infos, 1 Warnings, 1 Critical Warnings and 0 Errors encountered.
report_power completed successfully
INFO: [Vivado 12-24828] Executing command : report_clock_utilization -file UART_Controller_clock_utilization_routed.rpt
generate_parallel_reports: Time (s): cpu = 00:00:13 ; elapsed = 00:00:05 . Memory (MB): peak = 2991.395 ; gain = 261.617 ; free physical = 1290 ; free virtual = 16166
INFO: [Timing 38-480] Writing timing data to binary archive.
Write ShapeDB Complete: Time (s): cpu = 00:00:00 ; elapsed = 00:00:00 . Memory (MB): peak = 2991.395 ; gain = 0.000 ; free physical = 1290 ; free virtual = 16166
Wrote PlaceDB: Time (s): cpu = 00:00:00.03 ; elapsed = 00:00:00.02 . Memory (MB): peak = 2991.395 ; gain = 0.000 ; free physical = 1289 ; free virtual = 16165
Wrote PulsedLatchDB: Time (s): cpu = 00:00:00 ; elapsed = 00:00:00 . Memory (MB): peak = 2991.395 ; gain = 0.000 ; free physical = 1289 ; free virtual = 16165
Writing XDEF routing.
Writing XDEF routing logical nets.
Writing XDEF routing special nets.
Wrote RouteStorage: Time (s): cpu = 00:00:00.02 ; elapsed = 00:00:00.02 . Memory (MB): peak = 2991.395 ; gain = 0.000 ; free physical = 1286 ; free virtual = 16162
Wrote Netlist Cache: Time (s): cpu = 00:00:00 ; elapsed = 00:00:00 . Memory (MB): peak = 2991.395 ; gain = 0.000 ; free physical = 1286 ; free virtual = 16162
Wrote Device Cache: Time (s): cpu = 00:00:00.01 ; elapsed = 00:00:00.01 . Memory (MB): peak = 2991.395 ; gain = 0.000 ; free physical = 1286 ; free virtual = 16162
Write Physdb Complete: Time (s): cpu = 00:00:00.06 ; elapsed = 00:00:00.05 . Memory (MB): peak = 2991.395 ; gain = 0.000 ; free physical = 1286 ; free virtual = 16162
INFO: [Common 17-1381] The checkpoint '/home/osher/VHDL/UART_Protocol/UART_Protocol.runs/impl_1/UART_Controller_routed.dcp' has been generated.
Command: write_bitstream -force UART_Controller.bit
Attempting to get a license for feature 'Implementation' and/or device 'xc7a35t'
INFO: [Common 17-349] Got license for feature 'Implementation' and/or device 'xc7a35t'
Running DRC as a precondition to command write_bitstream
INFO: [IP_Flow 19-1839] IP Catalog is up to date.
INFO: [DRC 23-27] Running DRC with 4 threads
INFO: [Vivado 12-3199] DRC finished with 0 Errors
INFO: [Vivado 12-3200] Please refer to the DRC report (report_drc) for more information.
INFO: [Designutils 20-2272] Running write_bitstream with 8 threads.
Loading data files...
Loading site data...
Loading route data...
Processing options...
Creating bitmap...
Creating bitstream...
Bitstream compression saved 15559968 bits.
Writing bitstream ./UART_Controller.bit...
INFO: [Vivado 12-1842] Bitgen Completed Successfully.
INFO: [Project 1-1876] WebTalk data collection is mandatory when using a ULT device. To see the specific WebTalk data collected for your design, open the usage_statistics_webtalk.html or usage_statistics_webtalk.xml file in the implementation directory.
INFO: [Common 17-83] Releasing license: Implementation
118 Infos, 1 Warnings, 1 Critical Warnings and 0 Errors encountered.
write_bitstream completed successfully
write_bitstream: Time (s): cpu = 00:00:11 ; elapsed = 00:00:08 . Memory (MB): peak = 3271.363 ; gain = 279.969 ; free physical = 965 ; free virtual = 15846
INFO: [Common 17-206] Exiting Vivado at Sun Feb  9 15:29:55 2025...
